<?xml version="1.0" encoding="UTF-8"?>
<testng-results ignored="0" total="1" passed="1" failed="0" skipped="0">
  <reporter-output>
  </reporter-output>
  <suite started-at="2025-04-15T12:57:16 IST" name="Default suite" finished-at="2025-04-15T12:57:37 IST" duration-ms="21420">
    <groups>
      <group name="cucumber">
        <method signature="AbstractTestNGCucumberTests.runScenario(io.cucumber.testng.PickleWrapper,io.cucumber.testng.FeatureWrapper)[pri:0, instance:runner.RunnerClass@27462a88]" name="runScenario" class="io.cucumber.testng.AbstractTestNGCucumberTests"/>
      </group> <!-- cucumber -->
    </groups>
    <test started-at="2025-04-15T12:57:16 IST" name="Default test" finished-at="2025-04-15T12:57:37 IST" duration-ms="21420">
      <class name="runner.RunnerClass">
        <test-method is-config="true" signature="setUpClass(org.testng.ITestContext)[pri:0, instance:runner.RunnerClass@27462a88]" started-at="2025-04-15T12:57:16 IST" name="setUpClass" finished-at="2025-04-15T12:57:17 IST" duration-ms="623" status="PASS">
          <params>
            <param index="0">
              <value>
                <![CDATA[org.testng.TestRunner@4ac8768e]]>
              </value>
            </param>
          </params>
          <reporter-output>
          </reporter-output>
        </test-method> <!-- setUpClass -->
        <test-method signature="runScenario(io.cucumber.testng.PickleWrapper,io.cucumber.testng.FeatureWrapper)[pri:0, instance:runner.RunnerClass@27462a88]" started-at="2025-04-15T12:57:17 IST" name="runScenario" description="Runs Cucumber Scenarios" data-provider="scenarios" finished-at="2025-04-15T12:57:35 IST" duration-ms="18744" status="PASS">
          <params>
            <param index="0">
              <value>
                <![CDATA["CreateLead with muliple data"]]>
              </value>
            </param>
            <param index="1">
              <value>
                <![CDATA["CreateLead Functionality of Leaftaps application"]]>
              </value>
            </param>
          </params>
          <reporter-output>
          </reporter-output>
        </test-method> <!-- runScenario -->
        <test-method is-config="true" signature="tearDownClass()[pri:0, instance:runner.RunnerClass@27462a88]" started-at="2025-04-15T12:57:35 IST" name="tearDownClass" finished-at="2025-04-15T12:57:37 IST" duration-ms="2006" status="PASS">
          <reporter-output>
          </reporter-output>
        </test-method> <!-- tearDownClass -->
      </class> <!-- runner.RunnerClass -->
    </test> <!-- Default test -->
  </suite> <!-- Default suite -->
</testng-results>
